This is pdfTeX, Version 3.141592653-2.6-1.40.25 (TeX Live 2023/Debian) (preloaded format=pdflatex 2024.8.7)  17 FEB 2025 21:05
entering extended mode
 restricted \write18 enabled.
 %&-line parsing enabled.
**main.tex
(./main.tex
LaTeX2e <2023-11-01> patch level 1
L3 programming layer <2024-01-22>
(/usr/share/texlive/texmf-dist/tex/latex/base/report.cls
Document Class: report 2023/05/17 v1.4n Standard LaTeX document class
(/usr/share/texlive/texmf-dist/tex/latex/base/size12.clo
File: size12.clo 2023/05/17 v1.4n Standard LaTeX file (size option)
)
\c@part=\count187
\c@chapter=\count188
\c@section=\count189
\c@subsection=\count190
\c@subsubsection=\count191
\c@paragraph=\count192
\c@subparagraph=\count193
\c@figure=\count194
\c@table=\count195
\abovecaptionskip=\skip48
\belowcaptionskip=\skip49
\bibindent=\dimen140
)
(/usr/share/texlive/texmf-dist/tex/latex/graphics/graphicx.sty
Package: graphicx 2021/09/16 v1.2d Enhanced LaTeX Graphics (DPC,SPQR)

(/usr/share/texlive/texmf-dist/tex/latex/graphics/keyval.sty
Package: keyval 2022/05/29 v1.15 key=value parser (DPC)
\KV@toks@=\toks17
)
(/usr/share/texlive/texmf-dist/tex/latex/graphics/graphics.sty
Package: graphics 2022/03/10 v1.4e Standard LaTeX Graphics (DPC,SPQR)

(/usr/share/texlive/texmf-dist/tex/latex/graphics/trig.sty
Package: trig 2021/08/11 v1.11 sin cos tan (DPC)
)
(/usr/share/texlive/texmf-dist/tex/latex/graphics-cfg/graphics.cfg
File: graphics.cfg 2016/06/04 v1.11 sample graphics configuration
)
Package graphics Info: Driver file: pdftex.def on input line 107.

(/usr/share/texlive/texmf-dist/tex/latex/graphics-def/pdftex.def
File: pdftex.def 2022/09/22 v1.2b Graphics/color driver for pdftex
))
\Gin@req@height=\dimen141
\Gin@req@width=\dimen142
)
(/usr/share/texlive/texmf-dist/tex/latex/amsmath/amsmath.sty
Package: amsmath 2023/05/13 v2.17o AMS math features
\@mathmargin=\skip50

For additional information on amsmath, use the `?' option.
(/usr/share/texlive/texmf-dist/tex/latex/amsmath/amstext.sty
Package: amstext 2021/08/26 v2.01 AMS text

(/usr/share/texlive/texmf-dist/tex/latex/amsmath/amsgen.sty
File: amsgen.sty 1999/11/30 v2.0 generic functions
\@emptytoks=\toks18
\ex@=\dimen143
))
(/usr/share/texlive/texmf-dist/tex/latex/amsmath/amsbsy.sty
Package: amsbsy 1999/11/29 v1.2d Bold Symbols
\pmbraise@=\dimen144
)
(/usr/share/texlive/texmf-dist/tex/latex/amsmath/amsopn.sty
Package: amsopn 2022/04/08 v2.04 operator names
)
\inf@bad=\count196
LaTeX Info: Redefining \frac on input line 234.
\uproot@=\count197
\leftroot@=\count198
LaTeX Info: Redefining \overline on input line 399.
LaTeX Info: Redefining \colon on input line 410.
\classnum@=\count199
\DOTSCASE@=\count266
LaTeX Info: Redefining \ldots on input line 496.
LaTeX Info: Redefining \dots on input line 499.
LaTeX Info: Redefining \cdots on input line 620.
\Mathstrutbox@=\box51
\strutbox@=\box52
LaTeX Info: Redefining \big on input line 722.
LaTeX Info: Redefining \Big on input line 723.
LaTeX Info: Redefining \bigg on input line 724.
LaTeX Info: Redefining \Bigg on input line 725.
\big@size=\dimen145
LaTeX Font Info:    Redeclaring font encoding OML on input line 743.
LaTeX Font Info:    Redeclaring font encoding OMS on input line 744.
\macc@depth=\count267
LaTeX Info: Redefining \bmod on input line 905.
LaTeX Info: Redefining \pmod on input line 910.
LaTeX Info: Redefining \smash on input line 940.
LaTeX Info: Redefining \relbar on input line 970.
LaTeX Info: Redefining \Relbar on input line 971.
\c@MaxMatrixCols=\count268
\dotsspace@=\muskip16
\c@parentequation=\count269
\dspbrk@lvl=\count270
\tag@help=\toks19
\row@=\count271
\column@=\count272
\maxfields@=\count273
\andhelp@=\toks20
\eqnshift@=\dimen146
\alignsep@=\dimen147
\tagshift@=\dimen148
\tagwidth@=\dimen149
\totwidth@=\dimen150
\lineht@=\dimen151
\@envbody=\toks21
\multlinegap=\skip51
\multlinetaggap=\skip52
\mathdisplay@stack=\toks22
LaTeX Info: Redefining \[ on input line 2953.
LaTeX Info: Redefining \] on input line 2954.
)
(/usr/share/texlive/texmf-dist/tex/latex/hyperref/hyperref.sty
Package: hyperref 2024-01-20 v7.01h Hypertext links for LaTeX

(/usr/share/texlive/texmf-dist/tex/generic/iftex/iftex.sty
Package: iftex 2022/02/03 v1.0f TeX engine tests
)
(/usr/share/texlive/texmf-dist/tex/latex/kvsetkeys/kvsetkeys.sty
Package: kvsetkeys 2022-10-05 v1.19 Key value parser (HO)
)
(/usr/share/texlive/texmf-dist/tex/generic/kvdefinekeys/kvdefinekeys.sty
Package: kvdefinekeys 2019-12-19 v1.6 Define keys (HO)
)
(/usr/share/texlive/texmf-dist/tex/generic/pdfescape/pdfescape.sty
Package: pdfescape 2019/12/09 v1.15 Implements pdfTeX's escape features (HO)

(/usr/share/texlive/texmf-dist/tex/generic/ltxcmds/ltxcmds.sty
Package: ltxcmds 2023-12-04 v1.26 LaTeX kernel commands for general use (HO)
)
(/usr/share/texlive/texmf-dist/tex/generic/pdftexcmds/pdftexcmds.sty
Package: pdftexcmds 2020-06-27 v0.33 Utility functions of pdfTeX for LuaTeX (HO
)

(/usr/share/texlive/texmf-dist/tex/generic/infwarerr/infwarerr.sty
Package: infwarerr 2019/12/03 v1.5 Providing info/warning/error messages (HO)
)
Package pdftexcmds Info: \pdf@primitive is available.
Package pdftexcmds Info: \pdf@ifprimitive is available.
Package pdftexcmds Info: \pdfdraftmode found.
))
(/usr/share/texlive/texmf-dist/tex/latex/hycolor/hycolor.sty
Package: hycolor 2020-01-27 v1.10 Color options for hyperref/bookmark (HO)
)
(/usr/share/texlive/texmf-dist/tex/latex/auxhook/auxhook.sty
Package: auxhook 2019-12-17 v1.6 Hooks for auxiliary files (HO)
)
(/usr/share/texlive/texmf-dist/tex/latex/hyperref/nameref.sty
Package: nameref 2023-11-26 v2.56 Cross-referencing by name of section

(/usr/share/texlive/texmf-dist/tex/latex/refcount/refcount.sty
Package: refcount 2019/12/15 v3.6 Data extraction from label references (HO)
)
(/usr/share/texlive/texmf-dist/tex/generic/gettitlestring/gettitlestring.sty
Package: gettitlestring 2019/12/15 v1.6 Cleanup title references (HO)

(/usr/share/texlive/texmf-dist/tex/latex/kvoptions/kvoptions.sty
Package: kvoptions 2022-06-15 v3.15 Key value format for package options (HO)
))
\c@section@level=\count274
)
(/usr/share/texlive/texmf-dist/tex/latex/etoolbox/etoolbox.sty
Package: etoolbox 2020/10/05 v2.5k e-TeX tools for LaTeX (JAW)
\etb@tempcnta=\count275
)
\@linkdim=\dimen152
\Hy@linkcounter=\count276
\Hy@pagecounter=\count277

(/usr/share/texlive/texmf-dist/tex/latex/hyperref/pd1enc.def
File: pd1enc.def 2024-01-20 v7.01h Hyperref: PDFDocEncoding definition (HO)
Now handling font encoding PD1 ...
... no UTF-8 mapping file for font encoding PD1
)
(/usr/share/texlive/texmf-dist/tex/generic/intcalc/intcalc.sty
Package: intcalc 2019/12/15 v1.3 Expandable calculations with integers (HO)
)
\Hy@SavedSpaceFactor=\count278

(/usr/share/texlive/texmf-dist/tex/latex/hyperref/puenc.def
File: puenc.def 2024-01-20 v7.01h Hyperref: PDF Unicode definition (HO)
Now handling font encoding PU ...
... no UTF-8 mapping file for font encoding PU
)
Package hyperref Info: Hyper figures OFF on input line 4179.
Package hyperref Info: Link nesting OFF on input line 4184.
Package hyperref Info: Hyper index ON on input line 4187.
Package hyperref Info: Plain pages OFF on input line 4194.
Package hyperref Info: Backreferencing OFF on input line 4199.
Package hyperref Info: Implicit mode ON; LaTeX internals redefined.
Package hyperref Info: Bookmarks ON on input line 4446.
\c@Hy@tempcnt=\count279

(/usr/share/texlive/texmf-dist/tex/latex/url/url.sty
\Urlmuskip=\muskip17
Package: url 2013/09/16  ver 3.4  Verb mode for urls, etc.
)
LaTeX Info: Redefining \url on input line 4784.
\XeTeXLinkMargin=\dimen153

(/usr/share/texlive/texmf-dist/tex/generic/bitset/bitset.sty
Package: bitset 2019/12/09 v1.3 Handle bit-vector datatype (HO)

(/usr/share/texlive/texmf-dist/tex/generic/bigintcalc/bigintcalc.sty
Package: bigintcalc 2019/12/15 v1.5 Expandable calculations on big integers (HO
)
))
\Fld@menulength=\count280
\Field@Width=\dimen154
\Fld@charsize=\dimen155
Package hyperref Info: Hyper figures OFF on input line 6063.
Package hyperref Info: Link nesting OFF on input line 6068.
Package hyperref Info: Hyper index ON on input line 6071.
Package hyperref Info: backreferencing OFF on input line 6078.
Package hyperref Info: Link coloring OFF on input line 6083.
Package hyperref Info: Link coloring with OCG OFF on input line 6088.
Package hyperref Info: PDF/A mode OFF on input line 6093.

(/usr/share/texlive/texmf-dist/tex/latex/base/atbegshi-ltx.sty
Package: atbegshi-ltx 2021/01/10 v1.0c Emulation of the original atbegshi
package with kernel methods
)
\Hy@abspage=\count281
\c@Item=\count282
\c@Hfootnote=\count283
)
Package hyperref Info: Driver (autodetected): hpdftex.

(/usr/share/texlive/texmf-dist/tex/latex/hyperref/hpdftex.def
File: hpdftex.def 2024-01-20 v7.01h Hyperref driver for pdfTeX

(/usr/share/texlive/texmf-dist/tex/latex/base/atveryend-ltx.sty
Package: atveryend-ltx 2020/08/19 v1.0a Emulation of the original atveryend pac
kage
with kernel methods
)
\Fld@listcount=\count284
\c@bookmark@seq@number=\count285

(/usr/share/texlive/texmf-dist/tex/latex/rerunfilecheck/rerunfilecheck.sty
Package: rerunfilecheck 2022-07-10 v1.10 Rerun checks for auxiliary files (HO)

(/usr/share/texlive/texmf-dist/tex/generic/uniquecounter/uniquecounter.sty
Package: uniquecounter 2019/12/15 v1.4 Provide unlimited unique counter (HO)
)
Package uniquecounter Info: New unique counter `rerunfilecheck' on input line 2
85.
)
\Hy@SectionHShift=\skip53
)
(/usr/share/texlive/texmf-dist/tex/latex/setspace/setspace.sty
Package: setspace 2022/12/04 v6.7b set line spacing
)
(/usr/share/texlive/texmf-dist/tex/latex/float/float.sty
Package: float 2001/11/08 v1.3d Float enhancements (AL)
\c@float@type=\count286
\float@exts=\toks23
\float@box=\box53
\@float@everytoks=\toks24
\@floatcapt=\box54
)
(/usr/share/texlive/texmf-dist/tex/latex/geometry/geometry.sty
Package: geometry 2020/01/02 v5.9 Page Geometry

(/usr/share/texlive/texmf-dist/tex/generic/iftex/ifvtex.sty
Package: ifvtex 2019/10/25 v1.7 ifvtex legacy package. Use iftex instead.
)
\Gm@cnth=\count287
\Gm@cntv=\count288
\c@Gm@tempcnt=\count289
\Gm@bindingoffset=\dimen156
\Gm@wd@mp=\dimen157
\Gm@odd@mp=\dimen158
\Gm@even@mp=\dimen159
\Gm@layoutwidth=\dimen160
\Gm@layoutheight=\dimen161
\Gm@layouthoffset=\dimen162
\Gm@layoutvoffset=\dimen163
\Gm@dimlist=\toks25
)
(/usr/share/texlive/texmf-dist/tex/latex/enumitem/enumitem.sty
Package: enumitem 2019/06/20 v3.9 Customized lists
\labelindent=\skip54
\enit@outerparindent=\dimen164
\enit@toks=\toks26
\enit@inbox=\box55
\enit@count@id=\count290
\enitdp@description=\count291
)
(/usr/share/texlive/texmf-dist/tex/latex/l3backend/l3backend-pdftex.def
File: l3backend-pdftex.def 2024-01-04 L3 backend support: PDF output (pdfTeX)
\l__color_backend_stack_int=\count292
\l__pdf_internal_box=\box56
)
(./main.aux

LaTeX Warning: Label `fig:CRO-patterns' multiply defined.


LaTeX Warning: Label `fig:CRO-patterns' multiply defined.


LaTeX Warning: Label `fig:CRO-patterns' multiply defined.


LaTeX Warning: Label `fig:CRO-patterns' multiply defined.


LaTeX Warning: Label `fig:CRO-patterns' multiply defined.


LaTeX Warning: Label `fig:ONE TIME EVENT' multiply defined.

)
\openout1 = `main.aux'.

LaTeX Font Info:    Checking defaults for OML/cmm/m/it on input line 19.
LaTeX Font Info:    ... okay on input line 19.
LaTeX Font Info:    Checking defaults for OMS/cmsy/m/n on input line 19.
LaTeX Font Info:    ... okay on input line 19.
LaTeX Font Info:    Checking defaults for OT1/cmr/m/n on input line 19.
LaTeX Font Info:    ... okay on input line 19.
LaTeX Font Info:    Checking defaults for T1/cmr/m/n on input line 19.
LaTeX Font Info:    ... okay on input line 19.
LaTeX Font Info:    Checking defaults for TS1/cmr/m/n on input line 19.
LaTeX Font Info:    ... okay on input line 19.
LaTeX Font Info:    Checking defaults for OMX/cmex/m/n on input line 19.
LaTeX Font Info:    ... okay on input line 19.
LaTeX Font Info:    Checking defaults for U/cmr/m/n on input line 19.
LaTeX Font Info:    ... okay on input line 19.
LaTeX Font Info:    Checking defaults for PD1/pdf/m/n on input line 19.
LaTeX Font Info:    ... okay on input line 19.
LaTeX Font Info:    Checking defaults for PU/pdf/m/n on input line 19.
LaTeX Font Info:    ... okay on input line 19.
 (/usr/share/texlive/texmf-dist/tex/context/base/mkii/supp-pdf.mkii
[Loading MPS to PDF converter (version 2006.09.02).]
\scratchcounter=\count293
\scratchdimen=\dimen165
\scratchbox=\box57
\nofMPsegments=\count294
\nofMParguments=\count295
\everyMPshowfont=\toks27
\MPscratchCnt=\count296
\MPscratchDim=\dimen166
\MPnumerator=\count297
\makeMPintoPDFobject=\count298
\everyMPtoPDFconversion=\toks28
) (/usr/share/texlive/texmf-dist/tex/latex/epstopdf-pkg/epstopdf-base.sty
Package: epstopdf-base 2020-01-24 v2.11 Base part for package epstopdf
Package epstopdf-base Info: Redefining graphics rule for `.eps' on input line 4
85.

(/usr/share/texlive/texmf-dist/tex/latex/latexconfig/epstopdf-sys.cfg
File: epstopdf-sys.cfg 2010/07/13 v1.3 Configuration of (r)epstopdf for TeX Liv
e
))
Package hyperref Info: Link coloring OFF on input line 19.

(./main.out) (./main.out)
\@outlinefile=\write3
\openout3 = `main.out'.


*geometry* driver: auto-detecting
*geometry* detected driver: pdftex
*geometry* verbose mode - [ preamble ] result:
* driver: pdftex
* paper: a4paper
* layout: <same size as paper>
* layoutoffset:(h,v)=(0.0pt,0.0pt)
* modes: 
* h-part:(L,W,R)=(89.62709pt, 418.25368pt, 89.6271pt)
* v-part:(T,H,B)=(101.40665pt, 591.5302pt, 152.11pt)
* \paperwidth=597.50787pt
* \paperheight=845.04684pt
* \textwidth=418.25368pt
* \textheight=591.5302pt
* \oddsidemargin=17.3571pt
* \evensidemargin=17.3571pt
* \topmargin=-7.86334pt
* \headheight=12.0pt
* \headsep=25.0pt
* \topskip=12.0pt
* \footskip=30.0pt
* \marginparwidth=35.0pt
* \marginparsep=10.0pt
* \columnsep=10.0pt
* \skip\footins=10.8pt plus 4.0pt minus 2.0pt
* \hoffset=0.0pt
* \voffset=0.0pt
* \mag=1000
* \@twocolumnfalse
* \@twosidefalse
* \@mparswitchfalse
* \@reversemarginfalse
* (1in=72.27pt=25.4mm, 1cm=28.453pt)

<figs/logo.jpg, id=52, 1584.92125pt x 1595.9625pt>
File: figs/logo.jpg Graphic file (type jpg)
<use figs/logo.jpg>
Package pdftex.def Info: figs/logo.jpg  used on input line 26.
(pdftex.def)             Requested size: 170.71652pt x 171.90355pt.
[1

{/var/lib/texmf/fonts/map/pdftex/updmap/pdftex.map} <./figs/logo.jpg>]
pdfTeX warning (ext4): destination with the same identifier (name{page.1}) has 
been already used, duplicate ignored
<to be read again> 
                   \relax 
l.53 \tableofcontents
                      [1

] (./main.toc)
\tf@toc=\write4
\openout4 = `main.toc'.

 [2

] (./main.lof)
\tf@lof=\write5
\openout5 = `main.lof'.

 [3

]
Chapter 1.
[4

{/usr/share/texmf/fonts/enc/dvips/cm-super/cm-super-ts1.enc}] [5]
<figs/1.jpg, id=113, 1084.05pt x 361.35pt>
File: figs/1.jpg Graphic file (type jpg)
<use figs/1.jpg>
Package pdftex.def Info: figs/1.jpg  used on input line 162.
(pdftex.def)             Requested size: 418.25368pt x 139.41516pt.
<figs/1read.jpg, id=114, 1505.625pt x 2158.0625pt>
File: figs/1read.jpg Graphic file (type jpg)
<use figs/1read.jpg>
Package pdftex.def Info: figs/1read.jpg  used on input line 164.
(pdftex.def)             Requested size: 200.75996pt x 287.73657pt.
<figs/1cro.jpg, id=115, 1875.005pt x 1501.61pt>
File: figs/1cro.jpg Graphic file (type jpg)
<use figs/1cro.jpg>
Package pdftex.def Info: figs/1cro.jpg  used on input line 169.
(pdftex.def)             Requested size: 200.75996pt x 160.77837pt.
 [6]
[7
pdfTeX warning (ext4): destination with the same identifier (name{figure.1.1}) 
has been already used, duplicate ignored
<argument> ...shipout:D \box_use:N \l_shipout_box 
                                                  \__shipout_drop_firstpage_...
l.188     \item \(
                  \Delta \phi = 0\): Signals are in phase, and the figure is...
 <./figs/1.jpg> <./figs/1read.jpg> <./figs/1cro.jpg>]
<figs/2.jpg, id=129, 1084.05pt x 361.35pt>
File: figs/2.jpg Graphic file (type jpg)
<use figs/2.jpg>
Package pdftex.def Info: figs/2.jpg  used on input line 238.
(pdftex.def)             Requested size: 418.25368pt x 139.41516pt.
<figs/2read.jpg, id=130, 1505.625pt x 2117.9125pt>
File: figs/2read.jpg Graphic file (type jpg)
<use figs/2read.jpg>
Package pdftex.def Info: figs/2read.jpg  used on input line 240.
(pdftex.def)             Requested size: 200.75996pt x 282.38333pt.
<figs/2cro.jpg, id=131, 1798.72pt x 1332.98pt>
File: figs/2cro.jpg Graphic file (type jpg)
<use figs/2cro.jpg>
Package pdftex.def Info: figs/2cro.jpg  used on input line 245.
(pdftex.def)             Requested size: 200.75996pt x 148.7639pt.
 [8] [9
pdfTeX warning (ext4): destination with the same identifier (name{figure.1.2}) 
has been already used, duplicate ignored
<argument> ...shipout:D \box_use:N \l_shipout_box 
                                                  \__shipout_drop_firstpage_...
l.259 \subsection
                 {Three} <./figs/2.jpg> <./figs/2read.jpg> <./figs/2cro.jpg>]
[10]
<figs/3.jpg, id=156, 1084.05pt x 289.08pt>
File: figs/3.jpg Graphic file (type jpg)
<use figs/3.jpg>
Package pdftex.def Info: figs/3.jpg  used on input line 324.
(pdftex.def)             Requested size: 418.25368pt x 111.53212pt.
<figs/3read.jpg, id=157, 1505.625pt x 2025.5675pt>
File: figs/3read.jpg Graphic file (type jpg)
<use figs/3read.jpg>
Package pdftex.def Info: figs/3read.jpg  used on input line 326.
(pdftex.def)             Requested size: 200.75996pt x 270.07088pt.
<figs/3cro.jpg, id=158, 2557.555pt x 2059.695pt>
File: figs/3cro.jpg Graphic file (type jpg)
<use figs/3cro.jpg>
Package pdftex.def Info: figs/3cro.jpg  used on input line 331.
(pdftex.def)             Requested size: 200.75996pt x 161.66756pt.
 [11] [12
pdfTeX warning (ext4): destination with the same identifier (name{figure.1.3}) 
has been already used, duplicate ignored
<argument> ...shipout:D \box_use:N \l_shipout_box 
                                                  \__shipout_drop_firstpage_...
l.350     \item \(
                  \Delta \phi = 0\): Signals are in phase, and the figure is...
 <./figs/3.jpg> <./figs/3read.jpg> <./figs/3cro.jpg>] [13]
<figs/4.jpg, id=179, 1084.05pt x 361.35pt>
File: figs/4.jpg Graphic file (type jpg)
<use figs/4.jpg>
Package pdftex.def Info: figs/4.jpg  used on input line 417.
(pdftex.def)             Requested size: 418.25368pt x 139.41516pt.
<figs/4read.jpg, id=180, 1505.625pt x 2023.56pt>
File: figs/4read.jpg Graphic file (type jpg)
<use figs/4read.jpg>
Package pdftex.def Info: figs/4read.jpg  used on input line 419.
(pdftex.def)             Requested size: 200.75996pt x 269.80322pt.
<figs/4cro.jpg, id=181, 2047.65pt x 1497.595pt>
File: figs/4cro.jpg Graphic file (type jpg)
<use figs/4cro.jpg>
Package pdftex.def Info: figs/4cro.jpg  used on input line 424.
(pdftex.def)             Requested size: 200.75996pt x 146.82043pt.
 [14] [15
pdfTeX warning (ext4): destination with the same identifier (name{figure.1.4}) 
has been already used, duplicate ignored
<argument> ...shipout:D \box_use:N \l_shipout_box 
                                                  \__shipout_drop_firstpage_...
l.437     \item \textbf
                       {Observation:} On the CRO in X-Y mode: <./figs/4.jpg> <.
/figs/4read.jpg> <./figs/4cro.jpg>] [16] [17]
<figs/5.jpg, id=209, 1084.05pt x 289.08pt>
File: figs/5.jpg Graphic file (type jpg)
<use figs/5.jpg>
Package pdftex.def Info: figs/5.jpg  used on input line 529.
(pdftex.def)             Requested size: 418.25368pt x 111.53212pt.
<figs/5read.jpg, id=210, 1505.625pt x 2000.47375pt>
File: figs/5read.jpg Graphic file (type jpg)
<use figs/5read.jpg>
Package pdftex.def Info: figs/5read.jpg  used on input line 531.
(pdftex.def)             Requested size: 200.75996pt x 266.72511pt.
<figs/5cro.jpg, id=211, 1662.21pt x 1232.605pt>
File: figs/5cro.jpg Graphic file (type jpg)
<use figs/5cro.jpg>
Package pdftex.def Info: figs/5cro.jpg  used on input line 536.
(pdftex.def)             Requested size: 200.75996pt x 148.86542pt.
 [18
pdfTeX warning (ext4): destination with the same identifier (name{figure.1.5}) 
has been already used, duplicate ignored
<argument> ...shipout:D \box_use:N \l_shipout_box 
                                                  \__shipout_drop_firstpage_...
l.546 \]
         <./figs/5.jpg> <./figs/5read.jpg> <./figs/5cro.jpg>] [19]
<figs/6.jpg, id=224, 1084.05pt x 361.35pt>
File: figs/6.jpg Graphic file (type jpg)
<use figs/6.jpg>
Package pdftex.def Info: figs/6.jpg  used on input line 637.
(pdftex.def)             Requested size: 418.25368pt x 139.41516pt.
<figs/6read.jpg, id=225, 1505.625pt x 1972.36874pt>
File: figs/6read.jpg Graphic file (type jpg)
<use figs/6read.jpg>
Package pdftex.def Info: figs/6read.jpg  used on input line 639.
(pdftex.def)             Requested size: 200.75996pt x 262.97784pt.
<figs/6cro.jpg, id=226, 1822.81pt x 1353.055pt>
File: figs/6cro.jpg Graphic file (type jpg)
<use figs/6cro.jpg>
Package pdftex.def Info: figs/6cro.jpg  used on input line 644.
(pdftex.def)             Requested size: 200.75996pt x 149.02232pt.
 [20]
[21
pdfTeX warning (ext4): destination with the same identifier (name{figure.1.6}) 
has been already used, duplicate ignored
<argument> ...shipout:D \box_use:N \l_shipout_box 
                                                  \__shipout_drop_firstpage_...
l.651 \chapter
              {One Time Event Capture} <./figs/6.jpg> <./figs/6read.jpg> <./fig
s/6cro.jpg>]
Chapter 2.
[22

]
<figs/1cro one.jpg, id=254, 2376.88pt x 1866.975pt>
File: figs/1cro one.jpg Graphic file (type jpg)
<use figs/1cro one.jpg>
Package pdftex.def Info: figs/1cro one.jpg  used on input line 705.
(pdftex.def)             Requested size: 200.75996pt x 157.67946pt.
<figs/1one.jpg, id=255, 2139.995pt x 1770.615pt>
File: figs/1one.jpg Graphic file (type jpg)
<use figs/1one.jpg>
Package pdftex.def Info: figs/1one.jpg  used on input line 710.
(pdftex.def)             Requested size: 200.75996pt x 166.10281pt.
<figs/2cro one.jpg, id=256, 2702.095pt x 2075.755pt>
File: figs/2cro one.jpg Graphic file (type jpg)
<use figs/2cro one.jpg>
Package pdftex.def Info: figs/2cro one.jpg  used on input line 720.
(pdftex.def)             Requested size: 200.75996pt x 154.21793pt.
<figs/2one.jpg, id=257, 2168.1pt x 1758.57pt>
File: figs/2one.jpg Graphic file (type jpg)
<use figs/2one.jpg>
Package pdftex.def Info: figs/2one.jpg  used on input line 725.
(pdftex.def)             Requested size: 200.75996pt x 162.82617pt.
 [23] [24
pdfTeX warning (ext4): destination with the same identifier (name{figure.2.1}) 
has been already used, duplicate ignored
<argument> ...shipout:D \box_use:N \l_shipout_box 
                                                  \__shipout_drop_firstpage_...
l.732 \end{document}
                    
pdfTeX warning (ext4): destination with the same identifier (name{figure.2.2}) 
has been already used, duplicate ignored
<argument> ...shipout:D \box_use:N \l_shipout_box 
                                                  \__shipout_drop_firstpage_...
l.732 \end{document}
                     <./figs/1cro one.jpg> <./figs/1one.jpg> <./figs/2cro one.j
pg> <./figs/2one.jpg>] (./main.aux)
 ***********
LaTeX2e <2023-11-01> patch level 1
L3 programming layer <2024-01-22>
 ***********


LaTeX Warning: There were multiply-defined labels.

Package rerunfilecheck Info: File `main.out' has not changed.
(rerunfilecheck)             Checksum: CAD887449E300CA7203E4EFF37AB7795;1137.
 ) 
Here is how much of TeX's memory you used:
 10262 strings out of 474222
 157821 string characters out of 5748734
 1931975 words of memory out of 5000000
 32299 multiletter control sequences out of 15000+600000
 565612 words of font info for 62 fonts, out of 8000000 for 9000
 1141 hyphenation exceptions out of 8191
 75i,9n,79p,663b,589s stack positions out of 10000i,1000n,20000p,200000b,200000s
</usr/share/texlive/texmf-dist/fonts/type1/public/amsfonts/cm/cmbx12.pfb></us
r/share/texlive/texmf-dist/fonts/type1/public/amsfonts/cm/cmex10.pfb></usr/shar
e/texlive/texmf-dist/fonts/type1/public/amsfonts/cm/cmmi12.pfb></usr/share/texl
ive/texmf-dist/fonts/type1/public/amsfonts/cm/cmmi8.pfb></usr/share/texlive/tex
mf-dist/fonts/type1/public/amsfonts/cm/cmr10.pfb></usr/share/texlive/texmf-dist
/fonts/type1/public/amsfonts/cm/cmr12.pfb></usr/share/texlive/texmf-dist/fonts/
type1/public/amsfonts/cm/cmr6.pfb></usr/share/texlive/texmf-dist/fonts/type1/pu
blic/amsfonts/cm/cmr8.pfb></usr/share/texlive/texmf-dist/fonts/type1/public/ams
fonts/cm/cmsy10.pfb></usr/share/texlive/texmf-dist/fonts/type1/public/amsfonts/
cm/cmsy8.pfb></usr/share/texmf/fonts/type1/public/cm-super/sfrm1200.pfb>
Output written on main.pdf (25 pages, 27253858 bytes).
PDF statistics:
 355 PDF objects out of 1000 (max. 8388607)
 280 compressed objects within 3 object streams
 108 named destinations out of 1000 (max. 500000)
 212 words of extra memory for PDF output out of 10000 (max. 10000000)

